payFunDaouData/proguard-project.txt

-keep class com.devcrane.payfun.daou.entity.** { *; }
-dontwarn com.devcrane.payfun.daou.entity.**

-keep class com.devcrane.payfun.daou.van.KSNEntity { *; }
-dontwarn com.devcrane.payfun.daou.van.KSNEntity

-keep class com.devcrane.payfun.daou.caller.** { *; }
-dontwarn com.devcrane.payfun.daou.caller.**

#-keep class com.devcrane.payfun.cardreader.** { *; }
#-dontwarn com.devcrane.payfun.cardreader.**



-keepattributes Signature
-keep class sun.misc.Unsafe { *; }
-keep class com.google.gson.examples.android.model.** { *; }

-keep class net.sourceforge.zbar.** { *; }
-dontwarn net.sourceforge.zbar.**

-keep class org.jsoup.** { *; }
-dontwarn org.jsoup.**


-keep class com.JTNetSecuerLibrary.** { *; }
-dontwarn com.JTNetSecuerLibrary.**

-dontwarn org.kobjects.**
-keep class org.kobjects.** { *;}
-dontwarn org.ksoap2.**
-keep class org.ksoap2.** { *;}
-dontwarn org.kxml2.**
-keep class org.kxml2.** { *;}
-dontwarn org.xmlpull.v1.**
-keep class org.xmlpull.v1.** { *;}

-dontwarn net.daum.**
-keep class net.daum.** { *;}




-dontusemixedcaseclassnames
-dontskipnonpubliclibraryclasses
-verbose

# Optimization is turned off by default. Dex does not like code run
# through the ProGuard optimize and preverify steps (and performs some
# of these optimizations on its own).
-dontoptimize
-dontpreverify
# Note that if you want to enable optimization, you cannot just
# include optimization flags in your own project configuration file;
# instead you will need to point to the
# "proguard-android-optimize.txt" file instead of this one from your
# project.properties file.

-keepattributes *Annotation*
-keep public class com.google.vending.licensing.ILicensingService
-keep public class com.android.vending.licensing.ILicensingService

# For native methods, see http://proguard.sourceforge.net/manual/examples.html#native
-keepclasseswithmembernames class * {
    native <methods>;
}

# keep setters in Views so that animations can still work.
# see http://proguard.sourceforge.net/manual/examples.html#beans
-keepclassmembers public class * extends android.view.View {
   void set*(***);
   *** get*();
}

# We want to keep methods in Activity that could be used in the XML attribute onClick
-keepclassmembers class * extends android.app.Activity {
   public void *(android.view.View);
}

# For enumeration classes, see http://proguard.sourceforge.net/manual/examples.html#enumerations
-keepclassmembers enum * {
    public static **[] values();
    public static ** valueOf(java.lang.String);
}

-keep class * implements android.os.Parcelable {
  public static final android.os.Parcelable$Creator *;
}

-keepclassmembers class **.R$* {
    public static <fields>;
}

# The support library contains references to newer platform versions.
# Don't warn about those in case this app is linking against an older
# platform version.  We know about them, and they are safe.
-dontwarn android.support.**

-keep class org.apache.commons.validator.** { *; }
-dontwarn org.apache.commons.validator.**

-keep class com.bbpos.** { *; }
-dontwarn com.bbpos.**

-keep class com.slidingmenu.lib.** { *; }
-dontwarn com.slidingmenu.lib.**

-keep class com.handmark.pulltorefresh.library.** { *; }
-dontwarn com.handmark.pulltorefresh.library.**

-keep class com.github.devnied.emvnfccard.** { *; }
-dontwarn com.github.devnied.emvnfccard.**

-keep class fr.devnied.bitlib.** { *; }
-dontwarn fr.devnied.bitlib.**