payFunDaouData/build/outputs/mapping/release/seeds.txt
com.devcrane.payfun.daou.ConfirmActivity
com.devcrane.payfun.daou.ConfirmActivity: ConfirmActivity()
com.devcrane.payfun.daou.LoadFragment
com.devcrane.payfun.daou.LoadFragment: LoadFragment()
com.devcrane.payfun.daou.MainActivity
com.devcrane.payfun.daou.MainActivity: MainActivity()
com.devcrane.payfun.daou.MapActivity
com.devcrane.payfun.daou.MapActivity: MapActivity()
com.devcrane.payfun.daou.PermissionActivity
com.devcrane.payfun.daou.PermissionActivity: PermissionActivity()
com.devcrane.payfun.daou.R$anim: int abc_fade_in
com.devcrane.payfun.daou.R$anim: int abc_fade_out
com.devcrane.payfun.daou.R$anim: int abc_grow_fade_in_from_bottom
com.devcrane.payfun.daou.R$anim: int abc_popup_enter
com.devcrane.payfun.daou.R$anim: int abc_popup_exit
com.devcrane.payfun.daou.R$anim: int abc_shrink_fade_out_from_bottom
com.devcrane.payfun.daou.R$anim: int abc_slide_in_bottom
com.devcrane.payfun.daou.R$anim: int abc_slide_in_top
com.devcrane.payfun.daou.R$anim: int abc_slide_out_bottom
com.devcrane.payfun.daou.R$anim: int abc_slide_out_top
com.devcrane.payfun.daou.R$anim: int popup_fade_in
com.devcrane.payfun.daou.R$anim: int popup_fade_out
com.devcrane.payfun.daou.R$anim: int slide_in_from_bottom
com.devcrane.payfun.daou.R$anim: int slide_in_from_top
com.devcrane.payfun.daou.R$anim: int slide_out_to_bottom
com.devcrane.payfun.daou.R$anim: int slide_out_to_top
com.devcrane.payfun.daou.R$array: int list_month
com.devcrane.payfun.daou.R$array: int listvan
com.devcrane.payfun.daou.R$array: int quarterly_arrays
com.devcrane.payfun.daou.R$array: int reader_type
com.devcrane.payfun.daou.R$array: int register_arrays
com.devcrane.payfun.daou.R$array: int type_arrays
com.devcrane.payfun.daou.R$attr: int actionBarDivider
com.devcrane.payfun.daou.R$attr: int actionBarItemBackground
com.devcrane.payfun.daou.R$attr: int actionBarPopupTheme
com.devcrane.payfun.daou.R$attr: int actionBarSize
com.devcrane.payfun.daou.R$attr: int actionBarSplitStyle
com.devcrane.payfun.daou.R$attr: int actionBarStyle
com.devcrane.payfun.daou.R$attr: int actionBarTabBarStyle
com.devcrane.payfun.daou.R$attr: int actionBarTabStyle
com.devcrane.payfun.daou.R$attr: int actionBarTabTextStyle
com.devcrane.payfun.daou.R$attr: int actionBarTheme
com.devcrane.payfun.daou.R$attr: int actionBarWidgetTheme
com.devcrane.payfun.daou.R$attr: int actionButtonStyle
com.devcrane.payfun.daou.R$attr: int actionDropDownStyle
com.devcrane.payfun.daou.R$attr: int actionLayout
com.devcrane.payfun.daou.R$attr: int actionMenuTextAppearance
com.devcrane.payfun.daou.R$attr: int actionMenuTextColor
com.devcrane.payfun.daou.R$attr: int actionModeBackground
com.devcrane.payfun.daou.R$attr: int actionModeCloseButtonStyle
com.devcrane.payfun.daou.R$attr: int actionModeCloseDrawable
com.devcrane.payfun.daou.R$attr: int actionModeCopyDrawable
com.devcrane.payfun.daou.R$attr: int actionModeCutDrawable
com.devcrane.payfun.daou.R$attr: int actionModeFindDrawable
com.devcrane.payfun.daou.R$attr: int actionModePasteDrawable
com.devcrane.payfun.daou.R$attr: int actionModePopupWindowStyle
com.devcrane.payfun.daou.R$attr: int actionModeSelectAllDrawable
com.devcrane.payfun.daou.R$bool: int abc_action_bar_embed_tabs
com.devcrane.payfun.daou.R$bool: int abc_allow_stacked_button_bar
com.devcrane.payfun.daou.R$bool: int abc_config_actionMenuItemAllCaps
com.devcrane.payfun.daou.R$bool: int abc_config_closeDialogWhenTouchOutside
com.devcrane.payfun.daou.R$bool: int abc_config_showMenuShortcutsWhenKeyboardPresent
...
com.bbpos.bbdevice.BBDeviceController$36
com.bbpos.bbdevice.BBDeviceController$36: com.bbpos.bbdevice.BBDeviceController bbb042
com.bbpos.bbdevice.BBDeviceController$36: BBDeviceController$36(com.bbpos.bbdevice.BBDeviceController)
com.bbpos.bbdevice.BBDeviceController$36: void run()
com.bbpos.bbdevice.BBDeviceController$37
com.bbpos.bbdevice.BBDeviceController$37: com.bbpos.bbdevice.BBDeviceController bbb042
com.bbpos.bbdevice.BBDeviceController$37: BBDeviceController$37(com.bbpos.bbdevice.BBDeviceController)
com.bbpos.bbdevice.BBDeviceController$37: void run()
com.bbpos.bbdevice.BBDeviceController$38
com.bbpos.bbdevice.BBDeviceController$38: java.lang.String bbb055
com.bbpos.bbdevice.BBDeviceController$38: com.bbpos.bbdevice.BBDeviceController bbb042
com.bbpos.bbdevice.BBDeviceController$38: BBDeviceController$38(com.bbpos.bbdevice.BBDeviceController,java.lang.String)
com.bbpos.bbdevice.BBDeviceController$38: void run()
com.bbpos.bbdevice.BBDeviceController$39
com.bbpos.bbdevice.BBDeviceController$39: com.bbpos.bbdevice.BBDeviceController bbb042
com.bbpos.bbdevice.BBDeviceController$39: BBDeviceController$39(com.bbpos.bbdevice.BBDeviceController)
com.bbpos.bbdevice.BBDeviceController$39: void run()
com.bbpos.bbdevice.BBDeviceController$4
com.bbpos.bbdevice.BBDeviceController$4: com.bbpos.bbdevice.BBDeviceController bbb042
com.bbpos.bbdevice.BBDeviceController$4: BBDeviceController$4(com.bbpos.bbdevice.BBDeviceController)
com.bbpos.bbdevice.BBDeviceController$4: void run()
com.bbpos.bbdevice.BBDeviceController$40
com.bbpos.bbdevice.BBDeviceController$40: int[] bbb056
com.bbpos.bbdevice.BBDeviceController$40: int[] bbb057
com.bbpos.bbdevice.BBDeviceController$40: int[] bbb058
com.bbpos.bbdevice.BBDeviceController$40: void <clinit>()
com.bbpos.bbdevice.BBDeviceController$41
com.bbpos.bbdevice.BBDeviceController$41: com.bbpos.bbdevice.BBDeviceController bbb042
com.bbpos.bbdevice.BBDeviceController$41: BBDeviceController$41(com.bbpos.bbdevice.BBDeviceController)
com.bbpos.bbdevice.BBDeviceController$41: void run()
com.bbpos.bbdevice.BBDeviceController$42
com.bbpos.bbdevice.BBDeviceController$42: com.bbpos.bbdevice.BBDeviceController bbb042
com.bbpos.bbdevice.BBDeviceController$42: BBDeviceController$42(com.bbpos.bbdevice.BBDeviceController)
com.bbpos.bbdevice.BBDeviceController$42: void run()
com.bbpos.bbdevice.BBDeviceController$43
com.bbpos.bbdevice.BBDeviceController$43: android.bluetooth.BluetoothDevice bbb059
com.bbpos.bbdevice.BBDeviceController$43: com.bbpos.bbdevice.BBDeviceController bbb042
com.bbpos.bbdevice.BBDeviceController$43: BBDeviceController$43(com.bbpos.bbdevice.BBDeviceController,android.bluetooth.BluetoothDevice)
com.bbpos.bbdevice.BBDeviceController$43: void run()
com.bbpos.bbdevice.BBDeviceController$44
com.bbpos.bbdevice.BBDeviceController$44: com.bbpos.bbdevice.BBDeviceController bbb042
com.bbpos.bbdevice.BBDeviceController$44: BBDeviceController$44(com.bbpos.bbdevice.BBDeviceController)
com.bbpos.bbdevice.BBDeviceController$44: void run()
com.bbpos.bbdevice.BBDeviceController$45
com.bbpos.bbdevice.BBDeviceController$45: com.bbpos.bbdevice.BBDeviceController bbb042
com.bbpos.bbdevice.BBDeviceController$45: BBDeviceController$45(com.bbpos.bbdevice.BBDeviceController)
com.bbpos.bbdevice.BBDeviceController$45: void run()
com.bbpos.bbdevice.BBDeviceController$46
com.bbpos.bbdevice.BBDeviceController$46: int bbb060
com.bbpos.bbdevice.BBDeviceController$46: byte[] bbb061
com.bbpos.bbdevice.BBDeviceController$46: int bbb062
com.bbpos.bbdevice.BBDeviceController$46: com.bbpos.bbdevice.BBDeviceController bbb042
com.bbpos.bbdevice.BBDeviceController$46: BBDeviceController$46(com.bbpos.bbdevice.BBDeviceController,int,byte[],int)
com.bbpos.bbdevice.BBDeviceController$46: void run()