payFunDaouData/build/outputs/mapping/release/mapping.txt
com.devcrane.payfun.daou.CancelCashFragment -> com.devcrane.payfun.daou.a:
    android.app.Activity at -> be
    android.widget.TextView txtTotal -> bf
    android.widget.TextView txtApprovaNumber -> bg
    android.widget.TextView txtReqDate -> bh
    com.devcrane.payfun.daou.entity.ReceiptEntity mReceipt -> bi
    android.text.TextWatcher searchCashReceipt -> bj
    void <init>() -> <init>
    android.view.View onCreateView(android.view.LayoutInflater,android.view.ViewGroup,android.os.Bundle) -> a
    void onStart() -> c
    void onResume() -> q
    void onReturnDeviceInfo(java.util.Hashtable) -> a
    void initView() -> ao
    void onDevicePlugged() -> f_
    void doConfirmPayment() -> ac
    void doCard() -> ae
    void setReceiptInfo(com.devcrane.payfun.daou.entity.ReceiptEntity) -> a
    void doReset() -> af
    boolean validateCredit() -> ad
    java.lang.String getKeyinCardNo() -> Z
    java.lang.String access$000(com.devcrane.payfun.daou.CancelCashFragment) -> a
    java.lang.String access$100(com.devcrane.payfun.daou.CancelCashFragment) -> b
    void access$200(com.devcrane.payfun.daou.CancelCashFragment,int) -> a
    void access$300(com.devcrane.payfun.daou.CancelCashFragment,java.lang.String) -> a
    void access$400(com.devcrane.payfun.daou.CancelCashFragment) -> c
    java.lang.String access$500(com.devcrane.payfun.daou.CancelCashFragment) -> d
    java.lang.String access$600(com.devcrane.payfun.daou.CancelCashFragment) -> e
com.devcrane.payfun.daou.CancelCashFragment$1 -> com.devcrane.payfun.daou.b:
    com.devcrane.payfun.daou.CancelCashFragment this$0 -> a
    void <init>(com.devcrane.payfun.daou.CancelCashFragment,android.app.Activity,int) -> <init>
    java.lang.String run() -> a
    boolean res(java.lang.String) -> a
com.devcrane.payfun.daou.CancelCashFragment$3 -> com.devcrane.payfun.daou.c:
    com.devcrane.payfun.daou.CancelCashFragment this$0 -> a
    void <init>(com.devcrane.payfun.daou.CancelCashFragment) -> <init>
    void onTextChanged(java.lang.CharSequence,int,int,int) -> onTextChanged
    void beforeTextChanged(java.lang.CharSequence,int,int,int) -> beforeTextChanged
    void afterTextChanged(android.text.Editable) -> afterTextChanged
com.devcrane.payfun.daou.CancelDailyListFragment -> com.devcrane.payfun.daou.d:
    android.app.Activity at -> a
    android.widget.TextView txtVan -> b
    android.widget.TextView txtCompanyName -> c
    android.widget.TextView txtCompanyNo -> d
    android.widget.TextView txtDate -> e
    android.widget.TextView txtTotalAmount -> f
    android.widget.TextView txtChartdateDaily -> g
    com.devcrane.payfun.daou.entity.CompanyEntity comEntity -> h
    com.devcrane.payfun.daou.ui.ReceiptDailyAdapter adapter -> i
    java.util.List list -> aj
    java.lang.String date -> ak
    boolean isDaily -> al
    boolean isDailyChart -> am
    boolean isStart -> an
    boolean chartdaily -> ao
    android.widget.ListView mListView -> ar
    java.text.SimpleDateFormat sdf -> as
    java.text.SimpleDateFormat textsdf -> at
    int[] ids -> au
    java.lang.String sMonth -> av
    java.lang.String sTypeReceipt -> ap
    java.util.List listTemp -> aq
    android.widget.Spinner spType -> aw
    android.widget.Spinner spQuarter -> ax
    android.widget.Button btnDaily -> ay
    android.widget.Button btnMonth -> az
    int mYear -> aA
    int mMonth -> aB
    int mDay -> aC
    android.view.View$OnClickListener onButtonClick -> aD
    android.widget.AdapterView$OnItemSelectedListener mSelectType -> aE
    android.widget.AdapterView$OnItemSelectedListener mSelectQuarter -> aF
    void <init>() -> <init>
com.devcrane.payfun.daou.CancelDailyListFragment$1 -> com.devcrane.payfun.daou.e:
    com.devcrane.payfun.daou.CancelDailyListFragment this$0 -> a
    void <init>(com.devcrane.payfun.daou.CancelDailyListFragment) -> <init>
    void onItemClick(android.widget.AdapterView,android.view.View,int,long) -> onItemClick
...
com.bbpos.simplyprint.SimplyPrintController$5 -> com.bbpos.simplyprint.SimplyPrintController$5:
    com.bbpos.simplyprint.SimplyPrintController a -> a
    java.util.Hashtable b -> b
    void <init>(com.bbpos.simplyprint.SimplyPrintController,java.util.Hashtable) -> <init>
    void run() -> run
com.bbpos.simplyprint.SimplyPrintController$6 -> com.bbpos.simplyprint.SimplyPrintController$6:
    com.bbpos.simplyprint.SimplyPrintController a -> a
    com.bbpos.simplyprint.SimplyPrintController$PrinterResult b -> b
    void <init>(com.bbpos.simplyprint.SimplyPrintController,com.bbpos.simplyprint.SimplyPrintController$PrinterResult) -> <init>
    void run() -> run
com.bbpos.simplyprint.SimplyPrintController$7 -> com.bbpos.simplyprint.SimplyPrintController$7:
    com.bbpos.simplyprint.SimplyPrintController a -> a
    int b -> b
    void <init>(com.bbpos.simplyprint.SimplyPrintController,int) -> <init>
    void run() -> run
com.bbpos.simplyprint.SimplyPrintController$8 -> com.bbpos.simplyprint.SimplyPrintController$8:
    com.bbpos.simplyprint.SimplyPrintController a -> a
    boolean b -> b
    void <init>(com.bbpos.simplyprint.SimplyPrintController,boolean) -> <init>
    void run() -> run
com.bbpos.simplyprint.SimplyPrintController$9 -> com.bbpos.simplyprint.SimplyPrintController$9:
    com.bbpos.simplyprint.SimplyPrintController a -> a
    void <init>(com.bbpos.simplyprint.SimplyPrintController) -> <init>
    void run() -> run
com.bbpos.simplyprint.SimplyPrintController$BatteryStatus -> com.bbpos.simplyprint.SimplyPrintController$BatteryStatus:
    com.bbpos.simplyprint.SimplyPrintController$BatteryStatus LOW -> LOW
    com.bbpos.simplyprint.SimplyPrintController$BatteryStatus CRITICALLY_LOW -> CRITICALLY_LOW
    com.bbpos.simplyprint.SimplyPrintController$BatteryStatus[] a -> a
    void <clinit>() -> <clinit>
    void <init>(java.lang.String,int) -> <init>
    com.bbpos.simplyprint.SimplyPrintController$BatteryStatus[] values() -> values
    com.bbpos.simplyprint.SimplyPrintController$BatteryStatus valueOf(java.lang.String) -> valueOf
com.bbpos.simplyprint.SimplyPrintController$CodeType -> com.bbpos.simplyprint.SimplyPrintController$CodeType:
    com.bbpos.simplyprint.SimplyPrintController$CodeType CODE_39 -> CODE_39
    com.bbpos.simplyprint.SimplyPrintController$CodeType CODE_128 -> CODE_128
    com.bbpos.simplyprint.SimplyPrintController$CodeType[] a -> a
    void <clinit>() -> <clinit>
    void <init>(java.lang.String,int) -> <init>
    com.bbpos.simplyprint.SimplyPrintController$CodeType[] values() -> values
    com.bbpos.simplyprint.SimplyPrintController$CodeType valueOf(java.lang.String) -> valueOf
com.bbpos.simplyprint.SimplyPrintController$ConnectionMode -> com.bbpos.simplyprint.SimplyPrintController$ConnectionMode:
    com.bbpos.simplyprint.SimplyPrintController$ConnectionMode NONE -> NONE
    com.bbpos.simplyprint.SimplyPrintController$ConnectionMode BLUETOOTH_2 -> BLUETOOTH_2
    com.bbpos.simplyprint.SimplyPrintController$ConnectionMode BLUETOOTH_4 -> BLUETOOTH_4
    com.bbpos.simplyprint.SimplyPrintController$ConnectionMode[] a -> a
    void <clinit>() -> <clinit>
    void <init>(java.lang.String,int) -> <init>
    com.bbpos.simplyprint.SimplyPrintController$ConnectionMode[] values() -> values
    com.bbpos.simplyprint.SimplyPrintController$ConnectionMode valueOf(java.lang.String) -> valueOf