payFunDaouData/build/outputs/mapping/release/usage.txt
com.devcrane.payfun.daou.BuildConfig
com.devcrane.payfun.daou.CancelCashFragment:
    150:168:void doSendVanServer(com.devcrane.payfun.daou.entity.ReceiptEntity)
    32:32:static synthetic java.lang.String access$900(com.devcrane.payfun.daou.CancelCashFragment)
com.devcrane.payfun.daou.CancelCashFragment$2
com.devcrane.payfun.daou.CancelDailyListFragment:
    415:432:private void setMonth(java.lang.String)
    55:55:static synthetic java.lang.String access$800(com.devcrane.payfun.daou.CancelDailyListFragment)
com.devcrane.payfun.daou.CancelDailyListFragment$10
com.devcrane.payfun.daou.CancelDailyListFragment$FlingDetector
com.devcrane.payfun.daou.CancelListFragment$FlingDetector:
    private static final int swipeMaxDeviation
com.devcrane.payfun.daou.CancelPaymentFragment:
    176:194:void doSendVanServer(com.devcrane.payfun.daou.entity.ReceiptEntity)
    31:31:static synthetic java.lang.String access$1000(com.devcrane.payfun.daou.CancelPaymentFragment)
com.devcrane.payfun.daou.CancelPaymentFragment$3
com.devcrane.payfun.daou.CancelSelectorFragment:
    69:87:void showRequestDevice()
com.devcrane.payfun.daou.CancelSelectorFragment$2
com.devcrane.payfun.daou.ConfigPrintFM:
    private static final int REQUEST_ENABLE_BT
com.devcrane.payfun.daou.ConfirmActivity:
    public static final int COUNT
com.devcrane.payfun.daou.CouponDetailFragment:
    private com.devcrane.payfun.daou.camera.CameraPreview mPreview
    87:119:private void openCamera()
    184:189:public static android.hardware.Camera getCameraInstance()
com.devcrane.payfun.daou.DetailsCompanyFragment:
    android.app.AlertDialog fallbackDlg
    static final int SHOWING_DIALOG_LIMIT
    107:117:protected void showDialogProgress(int)
    568:585:protected void showAutoConfigConfirm(java.lang.String)
com.devcrane.payfun.daou.DetailsCompanyFragment$5
com.devcrane.payfun.daou.DetailsCompanyFragment$6
com.devcrane.payfun.daou.HomeFragment:
    256:272:void showRequestDevice()
com.devcrane.payfun.daou.HomeFragment$5
com.devcrane.payfun.daou.LoadFragment:
    89:100:public static varargs boolean hasPermissions(android.content.Context,java.lang.String[])
    206:216:private void showCertDialog()
    323:346:void testKeyin()
com.devcrane.payfun.daou.LoadFragment$4
com.devcrane.payfun.daou.LoginFragment:
    com.devcrane.payfun.daou.ui.DialogPhoneNumber dialog
com.devcrane.payfun.daou.MainActivity:
    android.app.Dialog pDialog
    android.app.AlertDialog fallbackDlg
    static final int SHOWING_DIALOG_LIMIT
    public static final int WAIT_FOR_BT_TURN_ON
    public static final int STOP_SEARCHING
    private static final int TOTAL_TIME_LIMIT
    static android.app.Dialog wiseDialog
    560:569:private com.devcrane.payfun.daou.entity.CompanyEntity addCompany(com.devcrane.payfun.daou.entity.CompanyEntity,java.lang.String,java.lang.String)
    573:635:void downloadDaou(java.lang.String)
    638:692:void downloadCompany(java.lang.String)
    1259:1276:void showRequestDevice()
    1422:1432:protected void showAutoConfigConfirm(java.lang.String)
    1479:1487:void showFallbackDlg(java.lang.String)
    1498:1503:public void showMsg(int)
    1527:1537:protected void showDialogProgress(int)
    1544:1548:public void dismissDialog()
    1674:1689:private void ShortcutIcon()
    84:84:static synthetic com.devcrane.payfun.daou.entity.CompanyEntity access$200(com.devcrane.payfun.daou.MainActivity,com.devcrane.payfun.daou.entity.CompanyEntity,java.lang.String,java.lang.String)
com.devcrane.payfun.daou.MainActivity$14
com.devcrane.payfun.daou.MainActivity$17
com.devcrane.payfun.daou.MainActivity$18
com.devcrane.payfun.daou.MainActivity$8
com.devcrane.payfun.daou.Manifest
com.devcrane.payfun.daou.Manifest$permission
...
android.support.v4.content.ContentResolverCompat$ContentResolverCompatImplBase
android.support.v4.content.ContentResolverCompat$ContentResolverCompatImplJB
android.support.v4.content.ContentResolverCompatJellybean
android.support.v4.content.ContextCompat:
    private static final java.lang.String TAG
    private static final java.lang.String DIR_ANDROID
    private static final java.lang.String DIR_OBB
    59:61:protected ContextCompat()
    89:89:public static boolean startActivities(android.content.Context,android.content.Intent[])
    150:155:public static void startActivity(android.content.Context,android.content.Intent,android.os.Bundle)
    173:177:public static java.io.File getDataDir(android.content.Context)
    225:236:public static java.io.File[] getObbDirs(android.content.Context)
    285:289:public static java.io.File[] getExternalFilesDirs(android.content.Context,java.lang.String)
    338:342:public static java.io.File[] getExternalCacheDirs(android.content.Context)
    347:355:private static varargs java.io.File buildPath(java.io.File,java.lang.String[])
    471:476:public static final java.io.File getNoBackupFilesDir(android.content.Context)
    496:501:public static java.io.File getCodeCacheDir(android.content.Context)
    506:516:private static synchronized java.io.File createFilesDir(java.io.File)
    551:554:public static android.content.Context createDeviceProtectedStorageContext(android.content.Context)
android.support.v4.content.ContextCompatApi21:
    24:24:ContextCompatApi21()
    30:30:public static java.io.File getNoBackupFilesDir(android.content.Context)
    34:34:public static java.io.File getCodeCacheDir(android.content.Context)
android.support.v4.content.ContextCompatApi23:
    25:25:ContextCompatApi23()
android.support.v4.content.ContextCompatApi24:
    23:23:ContextCompatApi24()
    25:25:public static java.io.File getDataDir(android.content.Context)
    29:29:public static android.content.Context createDeviceProtectedStorageContext(android.content.Context)
android.support.v4.content.ContextCompatHoneycomb:
    27:27:ContextCompatHoneycomb()
    34:34:public static java.io.File getObbDir(android.content.Context)
android.support.v4.content.ContextCompatJellybean:
    23:23:ContextCompatJellybean()
    30:31:public static void startActivity(android.content.Context,android.content.Intent,android.os.Bundle)
android.support.v4.content.ContextCompatKitKat
android.support.v4.content.CursorLoader
android.support.v4.content.ExecutorCompatHoneycomb
android.support.v4.content.FileProvider
android.support.v4.content.FileProvider$PathStrategy
android.support.v4.content.FileProvider$SimplePathStrategy
android.support.v4.content.IntentCompat:
    public static final java.lang.String ACTION_EXTERNAL_APPLICATIONS_AVAILABLE
    public static final java.lang.String ACTION_EXTERNAL_APPLICATIONS_UNAVAILABLE
    public static final java.lang.String EXTRA_CHANGED_PACKAGE_LIST
    public static final java.lang.String EXTRA_CHANGED_UID_LIST
    public static final java.lang.String EXTRA_HTML_TEXT
    public static final java.lang.String CATEGORY_LEANBACK_LAUNCHER
    public static final int FLAG_ACTIVITY_TASK_ON_HOME
    public static final int FLAG_ACTIVITY_CLEAR_TASK
    95:97:private IntentCompat()
    253:253:public static android.content.Intent makeMainSelectorActivity(java.lang.String,java.lang.String)
    270:270:public static android.content.Intent makeRestartActivityTask(android.content.ComponentName)
android.support.v4.content.IntentCompat$IntentCompatImpl:
    public abstract android.content.Intent makeMainSelectorActivity(java.lang.String,java.lang.String)
    public abstract android.content.Intent makeRestartActivityTask(android.content.ComponentName)
android.support.v4.content.IntentCompat$IntentCompatImplBase:
    51:53:public android.content.Intent makeMainSelectorActivity(java.lang.String,java.lang.String)
    58:61:public android.content.Intent makeRestartActivityTask(android.content.ComponentName)